messageView/build/outputs/logs/manifest-merger-debug-report.txt
-- Merging decision tree log ---
manifest
ADDED from src\main\AndroidManifest.xml:1:1-4:12
INJECTED from src\main\AndroidManifest.xml:1:1-4:12
INJECTED from src\main\AndroidManifest.xml:1:1-4:12
INJECTED from src\main\AndroidManifest.xml:1:1-4:12
INJECTED from src\main\AndroidManifest.xml:1:1-4:12
INJECTED from src\main\AndroidManifest.xml:1:1-4:12
INJECTED from src\main\AndroidManifest.xml:1:1-4:12
	package
		ADDED from src\main\AndroidManifest.xml:1:11-42
		INJECTED from src\main\AndroidManifest.xml
		INJECTED from src\main\AndroidManifest.xml
	android:versionName
		INJECTED from src\main\AndroidManifest.xml
		ADDED from src\main\AndroidManifest.xml:1:1-4:12
		INJECTED from src\main\AndroidManifest.xml
	android:versionCode
		INJECTED from src\main\AndroidManifest.xml
		ADDED from src\main\AndroidManifest.xml:1:1-4:12
		INJECTED from src\main\AndroidManifest.xml
	xmlns:android
		ADDED from src\main\AndroidManifest.xml:2:5-63
application
ADDED from src\main\AndroidManifest.xml:3:5-79
	android:label
		ADDED from src\main\AndroidManifest.xml:3:45-77
	android:allowBackup
		ADDED from src\main\AndroidManifest.xml:3:18-44
uses-sdk
INJECTED from src\main\AndroidManifest.xml reason: use-sdk injection requested
INJECTED from src\main\AndroidManifest.xml
INJECTED from src\main\AndroidManifest.xml
INJECTED from src\main\AndroidManifest.xml
INJECTED from src\main\AndroidManifest.xml
	android:targetSdkVersion
		INJECTED from src\main\AndroidManifest.xml
		ADDED from src\main\AndroidManifest.xml
		INJECTED from src\main\AndroidManifest.xml
	android:minSdkVersion
		INJECTED from src\main\AndroidManifest.xml
		ADDED from src\main\AndroidManifest.xml
		INJECTED from src\main\AndroidManifest.xml